<?xml version="1.0" encoding="UTF-8"?>
<!-- Generated by org.testng.reporters.JUnitReportReporter -->
<testsuite hostname="SwatiP" failures="0" tests="4" name="TestDSAlgo.TestDataStructure" time="41.645" errors="0" timestamp="2022-06-22T21:19:54 EDT" skipped="0">
  <testcase classname="TestDSAlgo.TestDataStructure" name="DSArray_Test1" time="12.035"/>
  <system-out/>
  <testcase classname="TestDSAlgo.TestDataStructure" name="DSArray_Test1" time="15.559"/>
  <system-out/>
  <testcase classname="TestDSAlgo.TestDataStructure" name="DSStack_Test2" time="6.993"/>
  <system-out/>
  <testcase classname="TestDSAlgo.TestDataStructure" name="DSStack_Test2" time="7.058"/>
  <system-out/>
</testsuite> <!-- TestDSAlgo.TestDataStructure -->
