<?xml version="1.0" encoding="UTF-8"?>
<!-- Generated by org.testng.reporters.JUnitReportReporter -->
<testsuite hostname="SwatiP" failures="0" tests="4" name="TestDSAlgo.TestDataStructure" time="31.639" errors="0" timestamp="2022-06-25T17:45:41 EDT" skipped="0">
  <testcase classname="TestDSAlgo.TestDataStructure" name="DSArray_Test1" time="10.187"/>
  <system-out/>
  <testcase classname="TestDSAlgo.TestDataStructure" name="DSArray_Test1" time="10.406"/>
  <system-out/>
  <testcase classname="TestDSAlgo.TestDataStructure" name="DSStack_Test2" time="5.463"/>
  <system-out/>
  <testcase classname="TestDSAlgo.TestDataStructure" name="DSStack_Test2" time="5.583"/>
  <system-out/>
</testsuite> <!-- TestDSAlgo.TestDataStructure -->
